<?xml version="1.0" encoding="UTF-8"?>
<testng-results ignored="0" total="4" passed="3" failed="0" skipped="1">
  <reporter-output>
  </reporter-output>
  <suite started-at="2022-11-01T16:27:45Z" name="Suite" finished-at="2022-11-01T16:39:48Z" duration-ms="722441">
    <groups>
    </groups>
    <test started-at="2022-11-01T16:27:45Z" name="APITestCase" finished-at="2022-11-01T16:28:16Z" duration-ms="30509">
      <class name="com.book.testNG.UITestClass">
        <test-method is-config="true" signature="allureReport()[pri:0, instance:com.book.testNG.UITestClass@6f8f9349]" started-at="2022-11-01T16:39:48Z" name="allureReport" finished-at="2022-11-01T16:39:48Z" duration-ms="14" status="PASS">
          <reporter-output>
          </reporter-output>
        </test-method> <!-- allureReport -->
      </class> <!-- com.book.testNG.UITestClass -->
      <class name="com.book.testNG.APITestClass">
        <test-method signature="AddBookToCollectionUsingAPI()[pri:3, instance:com.book.testNG.APITestClass@749c877b]" started-at="2022-11-01T16:27:46Z" name="AddBookToCollectionUsingAPI" finished-at="2022-11-01T16:28:16Z" duration-ms="30316" status="PASS">
          <reporter-output>
          </reporter-output>
        </test-method> <!-- AddBookToCollectionUsingAPI -->
      </class> <!-- com.book.testNG.APITestClass -->
    </test> <!-- APITestCase -->
    <test started-at="2022-11-01T16:27:45Z" name="UiTestCase" finished-at="2022-11-01T16:39:48Z" duration-ms="722441">
      <class name="com.book.testNG.UITestClass">
        <test-method is-config="true" signature="setUp(java.lang.reflect.Method, java.lang.String, java.lang.String)[pri:0, instance:com.book.testNG.UITestClass@6f8f9349]" started-at="2022-11-01T16:27:46Z" name="setUp" finished-at="2022-11-01T16:27:59Z" duration-ms="13093" status="PASS">
          <params>
            <param index="0">
              <value>
                <![CDATA[public void com.book.testNG.UITestClass.AddBookToCollection(java.lang.String,java.lang.String) throws java.lang.InterruptedException]]>
              </value>
            </param>
            <param index="1">
              <value>
                <![CDATA[chrome]]>
              </value>
            </param>
            <param index="2">
              <value>
                <![CDATA[ui]]>
              </value>
            </param>
          </params>
          <reporter-output>
          </reporter-output>
        </test-method> <!-- setUp -->
        <test-method signature="AddBookToCollection(java.lang.String, java.lang.String)[pri:1, instance:com.book.testNG.UITestClass@6f8f9349]" started-at="2022-11-01T16:27:59Z" name="AddBookToCollection" finished-at="2022-11-01T16:31:12Z" duration-ms="193203" status="PASS">
          <params>
            <param index="0">
              <value>
                <![CDATA[Rohit@17245]]>
              </value>
            </param>
            <param index="1">
              <value>
                <![CDATA[Um9oaXRAMTcyNDU=]]>
              </value>
            </param>
          </params>
          <reporter-output>
          </reporter-output>
        </test-method> <!-- AddBookToCollection -->
        <test-method is-config="true" signature="tearDown()[pri:0, instance:com.book.testNG.UITestClass@6f8f9349]" started-at="2022-11-01T16:31:12Z" name="tearDown" finished-at="2022-11-01T16:31:12Z" duration-ms="1" status="PASS">
          <reporter-output>
          </reporter-output>
        </test-method> <!-- tearDown -->
        <test-method is-config="true" signature="setUp(java.lang.reflect.Method, java.lang.String, java.lang.String)[pri:0, instance:com.book.testNG.UITestClass@6f8f9349]" started-at="2022-11-01T16:31:12Z" name="setUp" finished-at="2022-11-01T16:31:15Z" duration-ms="2473" status="PASS">
          <params>
            <param index="0">
              <value>
                <![CDATA[public void com.book.testNG.UITestClass.AddBookToCollectionAndDeleteBook(java.lang.String,java.lang.String) throws java.lang.InterruptedException]]>
              </value>
            </param>
            <param index="1">
              <value>
                <![CDATA[chrome]]>
              </value>
            </param>
            <param index="2">
              <value>
                <![CDATA[ui]]>
              </value>
            </param>
          </params>
          <reporter-output>
          </reporter-output>
        </test-method> <!-- setUp -->
        <test-method signature="AddBookToCollectionAndDeleteBook(java.lang.String, java.lang.String)[pri:2, instance:com.book.testNG.UITestClass@6f8f9349]" started-at="2022-11-01T16:31:15Z" name="AddBookToCollectionAndDeleteBook" finished-at="2022-11-01T16:37:07Z" duration-ms="352548" status="SKIP">
          <params>
            <param index="0">
              <value>
                <![CDATA[Rohit@17245]]>
              </value>
            </param>
            <param index="1">
              <value>
                <![CDATA[Um9oaXRAMTcyNDU=]]>
              </value>
            </param>
          </params>
          <exception class="org.openqa.selenium.TimeoutException">
            <message>
              <![CDATA[java.util.concurrent.TimeoutException
Build info: version: '4.5.3', revision: '4b786a1e430'
System info: os.name: 'Windows 10', os.arch: 'amd64', os.version: '10.0', java.version: '18.0.1'
Driver info: org.openqa.selenium.chrome.ChromeDriver
Command: [7a394420c5a245f93b16418993da8446, getAlertText {}]
Capabilities {acceptInsecureCerts: false, browserName: chrome, browserVersion: 106.0.5249.121, chrome: {chromedriverVersion: 106.0.5249.61 (511755355844..., userDataDir: C:\Users\Rohit\AppData\Loca...}, goog:chromeOptions: {debuggerAddress: localhost:49561}, networkConnectionEnabled: false, pageLoadStrategy: normal, platformName: WINDOWS, proxy: Proxy(), se:cdp: ws://localhost:49561/devtoo..., se:cdpVersion: 106.0.5249.121, setWindowRect: true, strictFileInteractability: false, timeouts: {implicit: 0, pageLoad: 300000, script: 30000}, unhandledPromptBehavior: dismiss and notify, webauthn:extension:credBlob: true, webauthn:extension:largeBlob: true, webauthn:virtualAuthenticators: true}
Session ID: 7a394420c5a245f93b16418993da8446]]>
            </message>
            <full-stacktrace>
              <![CDATA[org.openqa.selenium.TimeoutException: java.util.concurrent.TimeoutException
Build info: version: '4.5.3', revision: '4b786a1e430'
System info: os.name: 'Windows 10', os.arch: 'amd64', os.version: '10.0', java.version: '18.0.1'
Driver info: org.openqa.selenium.chrome.ChromeDriver
Command: [7a394420c5a245f93b16418993da8446, getAlertText {}]
Capabilities {acceptInsecureCerts: false, browserName: chrome, browserVersion: 106.0.5249.121, chrome: {chromedriverVersion: 106.0.5249.61 (511755355844..., userDataDir: C:\Users\Rohit\AppData\Loca...}, goog:chromeOptions: {debuggerAddress: localhost:49561}, networkConnectionEnabled: false, pageLoadStrategy: normal, platformName: WINDOWS, proxy: Proxy(), se:cdp: ws://localhost:49561/devtoo..., se:cdpVersion: 106.0.5249.121, setWindowRect: true, strictFileInteractability: false, timeouts: {implicit: 0, pageLoad: 300000, script: 30000}, unhandledPromptBehavior: dismiss and notify, webauthn:extension:credBlob: true, webauthn:extension:largeBlob: true, webauthn:virtualAuthenticators: true}
Session ID: 7a394420c5a245f93b16418993da8446
at org.openqa.selenium.remote.http.netty.NettyHttpHandler.makeCall(NettyHttpHandler.java:65)
at org.openqa.selenium.remote.http.AddSeleniumUserAgent.lambda$apply$0(AddSeleniumUserAgent.java:42)
at org.openqa.selenium.remote.http.Filter.lambda$andFinally$1(Filter.java:56)
at org.openqa.selenium.remote.http.netty.NettyHttpHandler.execute(NettyHttpHandler.java:49)
at org.openqa.selenium.remote.http.AddSeleniumUserAgent.lambda$apply$0(AddSeleniumUserAgent.java:42)
at org.openqa.selenium.remote.http.Filter.lambda$andFinally$1(Filter.java:56)
at org.openqa.selenium.remote.http.netty.NettyClient.execute(NettyClient.java:99)
at org.openqa.selenium.remote.HttpCommandExecutor.execute(HttpCommandExecutor.java:181)
at org.openqa.selenium.remote.service.DriverCommandExecutor.invokeExecute(DriverCommandExecutor.java:167)
at org.openqa.selenium.remote.service.DriverCommandExecutor.execute(DriverCommandExecutor.java:142)
at org.openqa.selenium.remote.RemoteWebDriver.execute(RemoteWebDriver.java:541)
at org.openqa.selenium.remote.RemoteWebDriver.execute(RemoteWebDriver.java:596)
at org.openqa.selenium.remote.RemoteWebDriver.execute(RemoteWebDriver.java:600)
at org.openqa.selenium.remote.RemoteWebDriver$RemoteTargetLocator.alert(RemoteWebDriver.java:1078)
at org.openqa.selenium.support.ui.ExpectedConditions$28.apply(ExpectedConditions.java:796)
at org.openqa.selenium.support.ui.ExpectedConditions$28.apply(ExpectedConditions.java:792)
at org.openqa.selenium.support.ui.FluentWait.until(FluentWait.java:208)
at com.book.pageObjClass.BasePageObject.switchAlert(BasePageObject.java:192)
at com.book.pageObjClass.AddBookStorePage.AlertText(AddBookStorePage.java:34)
at com.book.testNG.UITestClass.AddBookToCollectionAndDeleteBook(UITestClass.java:101)
at java.base/jdk.internal.reflect.DirectMethodHandleAccessor.invoke(DirectMethodHandleAccessor.java:104)
at java.base/java.lang.reflect.Method.invoke(Method.java:577)
at org.testng.internal.MethodInvocationHelper.invokeMethod(MethodInvocationHelper.java:124)
at org.testng.internal.Invoker.invokeMethod(Invoker.java:583)
at org.testng.internal.Invoker.invokeTestMethod(Invoker.java:719)
at org.testng.internal.Invoker.invokeTestMethods(Invoker.java:989)
at org.testng.internal.TestMethodWorker.invokeTestMethods(TestMethodWorker.java:125)
at org.testng.internal.TestMethodWorker.run(TestMethodWorker.java:109)
at org.testng.TestRunner.privateRun(TestRunner.java:648)
at org.testng.TestRunner.run(TestRunner.java:505)
at org.testng.SuiteRunner.runTest(SuiteRunner.java:455)
at org.testng.SuiteRunner.access$000(SuiteRunner.java:40)
at org.testng.SuiteRunner$SuiteWorker.run(SuiteRunner.java:489)
at org.testng.internal.thread.ThreadUtil$1.call(ThreadUtil.java:52)
at java.base/java.util.concurrent.FutureTask.run(FutureTask.java:264)
at java.base/java.util.concurrent.ThreadPoolExecutor.runWorker(ThreadPoolExecutor.java:1136)
at java.base/java.util.concurrent.ThreadPoolExecutor$Worker.run(ThreadPoolExecutor.java:635)
at java.base/java.lang.Thread.run(Thread.java:833)
Caused by: java.util.concurrent.TimeoutException
at java.base/java.util.concurrent.CompletableFuture.timedGet(CompletableFuture.java:1960)
at java.base/java.util.concurrent.CompletableFuture.get(CompletableFuture.java:2095)
at org.asynchttpclient.netty.NettyResponseFuture.get(NettyResponseFuture.java:206)
at org.openqa.selenium.remote.http.netty.NettyHttpHandler.makeCall(NettyHttpHandler.java:59)
... 37 more
]]>
            </full-stacktrace>
          </exception> <!-- org.openqa.selenium.TimeoutException -->
          <reporter-output>
          </reporter-output>
        </test-method> <!-- AddBookToCollectionAndDeleteBook -->
        <test-method is-config="true" signature="tearDown()[pri:0, instance:com.book.testNG.UITestClass@6f8f9349]" started-at="2022-11-01T16:37:07Z" name="tearDown" finished-at="2022-11-01T16:37:07Z" duration-ms="1" status="PASS">
          <reporter-output>
          </reporter-output>
        </test-method> <!-- tearDown -->
        <test-method is-config="true" signature="setUp(java.lang.reflect.Method, java.lang.String, java.lang.String)[pri:0, instance:com.book.testNG.UITestClass@6f8f9349]" started-at="2022-11-01T16:37:07Z" name="setUp" finished-at="2022-11-01T16:37:10Z" duration-ms="2647" status="PASS">
          <params>
            <param index="0">
              <value>
                <![CDATA[public void com.book.testNG.UITestClass.AddBookToCollectionAndDeleteBook(java.lang.String,java.lang.String) throws java.lang.InterruptedException]]>
              </value>
            </param>
            <param index="1">
              <value>
                <![CDATA[chrome]]>
              </value>
            </param>
            <param index="2">
              <value>
                <![CDATA[ui]]>
              </value>
            </param>
          </params>
          <reporter-output>
          </reporter-output>
        </test-method> <!-- setUp -->
        <test-method signature="AddBookToCollectionAndDeleteBook(java.lang.String, java.lang.String)[pri:2, instance:com.book.testNG.UITestClass@6f8f9349]" started-at="2022-11-01T16:37:10Z" name="AddBookToCollectionAndDeleteBook" finished-at="2022-11-01T16:39:48Z" duration-ms="157685" status="PASS">
          <params>
            <param index="0">
              <value>
                <![CDATA[Rohit@17245]]>
              </value>
            </param>
            <param index="1">
              <value>
                <![CDATA[Um9oaXRAMTcyNDU=]]>
              </value>
            </param>
          </params>
          <reporter-output>
          </reporter-output>
        </test-method> <!-- AddBookToCollectionAndDeleteBook -->
        <test-method is-config="true" signature="tearDown()[pri:0, instance:com.book.testNG.UITestClass@6f8f9349]" started-at="2022-11-01T16:39:48Z" name="tearDown" finished-at="2022-11-01T16:39:48Z" duration-ms="1" status="PASS">
          <reporter-output>
          </reporter-output>
        </test-method> <!-- tearDown -->
      </class> <!-- com.book.testNG.UITestClass -->
    </test> <!-- UiTestCase -->
  </suite> <!-- Suite -->
</testng-results>
