<?xml version="1.0" encoding="UTF-8"?>
<!-- Generated by org.testng.reporters.JUnitXMLReporter -->
<testsuite ignored="1" hostname="DESKTOP-F7CEMVS" failures="1" tests="1" name="Test" time="52.941" errors="0" timestamp="30 Oct 2022 08:30:46 GMT">
  <testcase classname="com.book.testNG.UITestClass" name="AddBookToCollection" time="44.579">
    <failure type="java.lang.AssertionError" message="Add Book to your collecection text not matched expected [Book added to your collection1.] but found [Book added to your collection.]">
      <![CDATA[java.lang.AssertionError: Add Book to your collecection text not matched expected [Book added to your collection1.] but found [Book added to your collection.]
at com.book.testNG.UITestClass.AddBookToCollection(UITestClass.java:50)
... Removed 28 stack frames]]>
    </failure>
  </testcase> <!-- AddBookToCollection -->
  <testcase classname="com.book.testNG.UITestClass" name="AddBookToCollectionAndDeleteBook" time="0.0">
    <ignored/>
  </testcase> <!-- AddBookToCollectionAndDeleteBook -->
</testsuite> <!-- Test -->
