<?xml version="1.0" encoding="UTF-8"?>
<!-- Generated by org.testng.reporters.JUnitXMLReporter -->
<testsuite ignored="0" hostname="DESKTOP-F7CEMVS" failures="0" tests="3" name="UiAndAPITestCase" time="263.407" errors="0" timestamp="31 Oct 2022 13:37:12 GMT">
  <testcase classname="com.book.testNG.UITestClass" name="AddBookToCollection" time="92.006"/>
  <testcase classname="com.book.testNG.UITestClass" name="AddBookToCollectionAndDeleteBook" time="136.139"/>
  <testcase classname="com.book.testNG.APITestClass" name="AddBookToCollectionUsingAPI" time="24.598"/>
</testsuite> <!-- UiAndAPITestCase -->
