<?xml version="1.0" encoding="UTF-8"?>
<!-- Generated by org.testng.reporters.JUnitXMLReporter -->
<testsuite ignored="0" hostname="DESKTOP-F7CEMVS" failures="0" tests="3" name="UiTestCase" time="722.441" errors="0" timestamp="01 Nov 2022 16:39:48 GMT">
  <testcase classname="com.book.testNG.UITestClass" name="AddBookToCollection" time="193.203"/>
  <testcase classname="com.book.testNG.UITestClass" name="AddBookToCollectionAndDeleteBook" time="352.548">
    <skipped/>
  </testcase> <!-- AddBookToCollectionAndDeleteBook -->
  <testcase classname="com.book.testNG.UITestClass" name="AddBookToCollectionAndDeleteBook" time="157.685"/>
</testsuite> <!-- UiTestCase -->
