<?xml version="1.0" encoding="UTF-8"?>
<testng-results ignored="0" total="3" passed="3" failed="0" skipped="0">
  <reporter-output>
  </reporter-output>
  <suite started-at="2022-11-01T22:55:58 IST" name="Suite" finished-at="2022-11-01T22:59:38 IST" duration-ms="219965">
    <groups>
    </groups>
    <test started-at="2022-11-01T22:55:58 IST" name="APITestCase" finished-at="2022-11-01T22:56:18 IST" duration-ms="20004">
      <class name="com.book.testNG.UITestClass">
        <test-method is-config="true" signature="allureReport()[pri:0, instance:com.book.testNG.UITestClass@553f1d75]" started-at="2022-11-01T22:59:38 IST" name="allureReport" finished-at="2022-11-01T22:59:38 IST" duration-ms="10" status="PASS">
          <reporter-output>
          </reporter-output>
        </test-method> <!-- allureReport -->
      </class> <!-- com.book.testNG.UITestClass -->
      <class name="com.book.testNG.APITestClass">
        <test-method signature="AddBookToCollectionUsingAPI()[pri:3, instance:com.book.testNG.APITestClass@63192798]" started-at="2022-11-01T22:55:58 IST" name="AddBookToCollectionUsingAPI" finished-at="2022-11-01T22:56:18 IST" duration-ms="19788" status="PASS">
          <reporter-output>
          </reporter-output>
        </test-method> <!-- AddBookToCollectionUsingAPI -->
      </class> <!-- com.book.testNG.APITestClass -->
    </test> <!-- APITestCase -->
    <test started-at="2022-11-01T22:55:58 IST" name="UiTestCase" finished-at="2022-11-01T22:59:38 IST" duration-ms="219965">
      <class name="com.book.testNG.UITestClass">
        <test-method is-config="true" signature="setUp(java.lang.reflect.Method,java.lang.String,java.lang.String)[pri:0, instance:com.book.testNG.UITestClass@553f1d75]" started-at="2022-11-01T22:55:58 IST" name="setUp" finished-at="2022-11-01T22:56:11 IST" duration-ms="13248" status="PASS">
          <params>
            <param index="0">
              <value>
                <![CDATA[public void com.book.testNG.UITestClass.AddBookToCollection(java.lang.String,java.lang.String) throws java.lang.InterruptedException]]>
              </value>
            </param>
            <param index="1">
              <value>
                <![CDATA[chrome]]>
              </value>
            </param>
            <param index="2">
              <value>
                <![CDATA[ui]]>
              </value>
            </param>
          </params>
          <reporter-output>
          </reporter-output>
        </test-method> <!-- setUp -->
        <test-method signature="AddBookToCollection(java.lang.String,java.lang.String)[pri:1, instance:com.book.testNG.UITestClass@553f1d75]" started-at="2022-11-01T22:56:11 IST" name="AddBookToCollection" finished-at="2022-11-01T22:57:54 IST" duration-ms="102924" status="PASS">
          <params>
            <param index="0">
              <value>
                <![CDATA[Rohit@17245]]>
              </value>
            </param>
            <param index="1">
              <value>
                <![CDATA[Um9oaXRAMTcyNDU=]]>
              </value>
            </param>
          </params>
          <reporter-output>
          </reporter-output>
        </test-method> <!-- AddBookToCollection -->
        <test-method is-config="true" signature="tearDown()[pri:0, instance:com.book.testNG.UITestClass@553f1d75]" started-at="2022-11-01T22:57:54 IST" name="tearDown" finished-at="2022-11-01T22:57:55 IST" duration-ms="1005" status="PASS">
          <reporter-output>
          </reporter-output>
        </test-method> <!-- tearDown -->
        <test-method is-config="true" signature="setUp(java.lang.reflect.Method,java.lang.String,java.lang.String)[pri:0, instance:com.book.testNG.UITestClass@553f1d75]" started-at="2022-11-01T22:57:55 IST" name="setUp" finished-at="2022-11-01T22:57:58 IST" duration-ms="2493" status="PASS">
          <params>
            <param index="0">
              <value>
                <![CDATA[public void com.book.testNG.UITestClass.AddBookToCollectionAndDeleteBook(java.lang.String,java.lang.String) throws java.lang.InterruptedException]]>
              </value>
            </param>
            <param index="1">
              <value>
                <![CDATA[chrome]]>
              </value>
            </param>
            <param index="2">
              <value>
                <![CDATA[ui]]>
              </value>
            </param>
          </params>
          <reporter-output>
          </reporter-output>
        </test-method> <!-- setUp -->
        <test-method signature="AddBookToCollectionAndDeleteBook(java.lang.String,java.lang.String)[pri:2, instance:com.book.testNG.UITestClass@553f1d75]" started-at="2022-11-01T22:57:58 IST" name="AddBookToCollectionAndDeleteBook" finished-at="2022-11-01T22:59:37 IST" duration-ms="98815" status="PASS">
          <params>
            <param index="0">
              <value>
                <![CDATA[Rohit@17245]]>
              </value>
            </param>
            <param index="1">
              <value>
                <![CDATA[Um9oaXRAMTcyNDU=]]>
              </value>
            </param>
          </params>
          <reporter-output>
          </reporter-output>
        </test-method> <!-- AddBookToCollectionAndDeleteBook -->
        <test-method is-config="true" signature="tearDown()[pri:0, instance:com.book.testNG.UITestClass@553f1d75]" started-at="2022-11-01T22:59:37 IST" name="tearDown" finished-at="2022-11-01T22:59:38 IST" duration-ms="1032" status="PASS">
          <reporter-output>
          </reporter-output>
        </test-method> <!-- tearDown -->
      </class> <!-- com.book.testNG.UITestClass -->
    </test> <!-- UiTestCase -->
  </suite> <!-- Suite -->
</testng-results>
